#
# There is insufficient memory for the Java Runtime Environment to continue.
# Native memory allocation (malloc) failed to allocate 1048576 bytes. Error detail: AllocateHeap
# Possible reasons:
#   The system is out of physical RAM or swap space
#   This process is running with CompressedOops enabled, and the Java Heap may be blocking the growth of the native heap
# Possible solutions:
#   Reduce memory load on the system
#   Increase physical memory or swap space
#   Check if swap backing store is full
#   Decrease Java heap size (-Xmx/-Xms)
#   Decrease number of Java threads
#   Decrease Java thread stack sizes (-Xss)
#   Set larger code cache with -XX:ReservedCodeCacheSize=
#   JVM is running with Unscaled Compressed Oops mode in which the Java heap is
#     placed in the first 4GB address space. The Java Heap base address is the
#     maximum limit for the native heap growth. Please use -XX:HeapBaseMinAddress
#     to set the Java Heap base and to place the Java Heap above 4GB virtual address.
# This output file may be truncated or incomplete.
#
#  Out of Memory Error (allocation.cpp:44), pid=13096, tid=15572
#
# JRE version: OpenJDK Runtime Environment Temurin-21.0.10+7 (21.0.10+7) (build 21.0.10+7-LTS)
# Java VM: OpenJDK 64-Bit Server VM Temurin-21.0.10+7 (21.0.10+7-LTS, mixed mode, sharing, tiered, compressed oops, compressed class ptrs, parallel gc, windows-amd64)
# No core dump will be written. Minidumps are not enabled by default on client versions of Windows
#

---------------  S U M M A R Y ------------

Command Line: --add-modules=ALL-SYSTEM --add-opens=java.base/java.util=ALL-UNNAMED --add-opens=java.base/java.lang=ALL-UNNAMED --add-opens=java.base/sun.nio.fs=ALL-UNNAMED -Declipse.application=org.eclipse.jdt.ls.core.id1 -Dosgi.bundles.defaultStartLevel=4 -Declipse.product=org.eclipse.jdt.ls.core.product -Djava.import.generatesMetadataFilesAtProjectRoot=false -DDetectVMInstallationsJob.disabled=true -Dfile.encoding=utf8 -XX:+UseParallelGC -XX:GCTimeRatio=4 -XX:AdaptiveSizePolicyWeight=90 -Dsun.zip.disableMemoryMapping=true -Xmx2G -Xms100m -Xlog:disable -javaagent:c:\Users\user\.antigravity\extensions\redhat.java-1.54.0-win32-x64\lombok\lombok-1.18.39-4050.jar -XX:+HeapDumpOnOutOfMemoryError -XX:HeapDumpPath=c:\Users\user\AppData\Roaming\Antigravity\User\workspaceStorage\ef35fece9cb296eb98131e9bf524d939\redhat.java -Daether.dependencyCollector.impl=bf c:\Users\user\.antigravity\extensions\redhat.java-1.54.0-win32-x64\server\plugins\org.eclipse.equinox.launcher_1.7.100.v20251111-0406.jar -configuration c:\Users\user\AppData\Roaming\Antigravity\User\globalStorage\redhat.java\1.54.0\config_win -data c:\Users\user\AppData\Roaming\Antigravity\User\workspaceStorage\ef35fece9cb296eb98131e9bf524d939\redhat.java\jdt_ws --pipe=\\.\pipe\lsp-34b6b18b2b70e9e35dc909a81f618623-sock

Host: Intel(R) Core(TM) i5-10400 CPU @ 2.90GHz, 12 cores, 15G,  Windows 11 , 64 bit Build 26100 (10.0.26100.4768)
Time: Thu Apr 23 16:52:25 2026 West Asia Standard Time elapsed time: 4952.780107 seconds (0d 1h 22m 32s)

---------------  T H R E A D  ---------------

Current thread (0x000002075ed3bc10):  JavaThread "Attach Listener" daemon [_thread_in_vm, id=15572, stack(0x0000002e19100000,0x0000002e19200000) (1024K)]

Stack: [0x0000002e19100000,0x0000002e19200000]
Native frames: (J=compiled Java code, j=interpreted, Vv=VM code, C=native code)
V  [jvm.dll+0x6d7a39]
V  [jvm.dll+0x8b4b26]
V  [jvm.dll+0x8b70de]
V  [jvm.dll+0x8b77c3]
V  [jvm.dll+0x284346]
V  [jvm.dll+0xc1277]
V  [jvm.dll+0x6d82e9]
V  [jvm.dll+0x1334a6]
V  [jvm.dll+0x3f857e]
V  [jvm.dll+0x85f59d]
V  [jvm.dll+0x6d626d]
C  [ucrtbase.dll+0x37b0]
C  [KERNEL32.DLL+0x2e8d7]
C  [ntdll.dll+0x3c34c]


---------------  P R O C E S S  ---------------

Threads class SMR info:
_java_thread_list=0x000002076c1587e0, length=50, elements={
0x0000020748288950, 0x000002075ed38c30, 0x000002075ed39930, 0x000002075ed3afb0,
0x000002075ed3bc10, 0x000002075ed3e780, 0x000002074833a3d0, 0x000002074833c470,
0x0000020748347b80, 0x0000020760280bf0, 0x0000020760423b40, 0x0000020761366080,
0x00000207663c1230, 0x00000207663c1d50, 0x0000020761102730, 0x00000207617d12d0,
0x0000020766133980, 0x00000207616903a0, 0x000002076675b610, 0x000002076675e400,
0x000002076675dd70, 0x000002076675af80, 0x000002076675d6e0, 0x00000207672e6870,
0x00000207672e4e30, 0x00000207672e5b50, 0x00000207672e3a80, 0x00000207672e54c0,
0x00000207672e4110, 0x00000207672e33f0, 0x00000207672e61e0, 0x00000207672e6f00,
0x00000207672e7590, 0x00000207672e7c20, 0x00000207672e47a0, 0x00000207672e9cf0,
0x00000207672e8940, 0x00000207672e8fd0, 0x00000207672e9660, 0x00000207672eaa10,
0x00000207679e9c20, 0x00000207679e8870, 0x00000207679e8f00, 0x00000207679ea2b0,
0x00000207679eafd0, 0x00000207679eb660, 0x00000207679e81e0, 0x00000207679ebcf0,
0x00000207679ee450, 0x00000207679eeae0
}

Java Threads: ( => current thread )
  0x0000020748288950 JavaThread "main"                              [_thread_blocked, id=3376, stack(0x0000002e18a00000,0x0000002e18b00000) (1024K)]
  0x000002075ed38c30 JavaThread "Reference Handler"          daemon [_thread_blocked, id=15080, stack(0x0000002e18e00000,0x0000002e18f00000) (1024K)]
  0x000002075ed39930 JavaThread "Finalizer"                  daemon [_thread_blocked, id=19316, stack(0x0000002e18f00000,0x0000002e19000000) (1024K)]
  0x000002075ed3afb0 JavaThread "Signal Dispatcher"          daemon [_thread_blocked, id=5948, stack(0x0000002e19000000,0x0000002e19100000) (1024K)]
=>0x000002075ed3bc10 JavaThread "Attach Listener"            daemon [_thread_in_vm, id=15572, stack(0x0000002e19100000,0x0000002e19200000) (1024K)]
  0x000002075ed3e780 JavaThread "Service Thread"             daemon [_thread_blocked, id=748, stack(0x0000002e19200000,0x0000002e19300000) (1024K)]
  0x000002074833a3d0 JavaThread "Monitor Deflation Thread"   daemon [_thread_blocked, id=13920, stack(0x0000002e19300000,0x0000002e19400000) (1024K)]
  0x000002074833c470 JavaThread "C2 CompilerThread0"         daemon [_thread_blocked, id=5168, stack(0x0000002e19400000,0x0000002e19500000) (1024K)]
  0x0000020748347b80 JavaThread "C1 CompilerThread0"         daemon [_thread_blocked, id=5904, stack(0x0000002e19500000,0x0000002e19600000) (1024K)]
  0x0000020760280bf0 JavaThread "Common-Cleaner"             daemon [_thread_blocked, id=5604, stack(0x0000002e19600000,0x0000002e19700000) (1024K)]
  0x0000020760423b40 JavaThread "Notification Thread"        daemon [_thread_blocked, id=8812, stack(0x0000002e19800000,0x0000002e19900000) (1024K)]
  0x0000020761366080 JavaThread "Active Thread: Equinox Container: 9008b5aa-2508-4e54-b261-d9cc2d0543b0"        [_thread_blocked, id=9704, stack(0x0000002e1a000000,0x0000002e1a100000) (1024K)]
  0x00000207663c1230 JavaThread "Refresh Thread: Equinox Container: 9008b5aa-2508-4e54-b261-d9cc2d0543b0" daemon [_thread_blocked, id=6128, stack(0x0000002e19900000,0x0000002e19a00000) (1024K)]
  0x00000207663c1d50 JavaThread "Framework Event Dispatcher: Equinox Container: 9008b5aa-2508-4e54-b261-d9cc2d0543b0" daemon [_thread_blocked, id=14308, stack(0x0000002e1a100000,0x0000002e1a200000) (1024K)]
  0x0000020761102730 JavaThread "Start Level: Equinox Container: 9008b5aa-2508-4e54-b261-d9cc2d0543b0" daemon [_thread_blocked, id=10812, stack(0x0000002e1a200000,0x0000002e1a300000) (1024K)]
  0x00000207617d12d0 JavaThread "Bundle File Closer"         daemon [_thread_blocked, id=20468, stack(0x0000002e1a600000,0x0000002e1a700000) (1024K)]
  0x0000020766133980 JavaThread "SCR Component Actor"        daemon [_thread_blocked, id=10528, stack(0x0000002e1a300000,0x0000002e1a400000) (1024K)]
  0x00000207616903a0 JavaThread "Worker-JM"                         [_thread_blocked, id=18912, stack(0x0000002e1a900000,0x0000002e1aa00000) (1024K)]
  0x000002076675b610 JavaThread "JNA Cleaner"                daemon [_thread_blocked, id=20328, stack(0x0000002e1a800000,0x0000002e1a900000) (1024K)]
  0x000002076675e400 JavaThread "Java indexing"              daemon [_thread_blocked, id=15352, stack(0x0000002e1ac00000,0x0000002e1ad00000) (1024K)]
  0x000002076675dd70 JavaThread "Thread-1"                   daemon [_thread_in_native, id=4180, stack(0x0000002e1b300000,0x0000002e1b400000) (1024K)]
  0x000002076675af80 JavaThread "Thread-2"                   daemon [_thread_in_native, id=5056, stack(0x0000002e1b400000,0x0000002e1b500000) (1024K)]
  0x000002076675d6e0 JavaThread "Thread-3"                   daemon [_thread_in_native, id=11784, stack(0x0000002e1b500000,0x0000002e1b600000) (1024K)]
  0x00000207672e6870 JavaThread "Thread-4"                   daemon [_thread_in_native, id=19948, stack(0x0000002e1b600000,0x0000002e1b700000) (1024K)]
  0x00000207672e4e30 JavaThread "Thread-5"                   daemon [_thread_in_native, id=20060, stack(0x0000002e1b700000,0x0000002e1b800000) (1024K)]
  0x00000207672e5b50 JavaThread "Thread-6"                   daemon [_thread_in_native, id=4764, stack(0x0000002e1b800000,0x0000002e1b900000) (1024K)]
  0x00000207672e3a80 JavaThread "Thread-7"                   daemon [_thread_in_native, id=17404, stack(0x0000002e1b900000,0x0000002e1ba00000) (1024K)]
  0x00000207672e54c0 JavaThread "Thread-8"                   daemon [_thread_in_native, id=7228, stack(0x0000002e1ba00000,0x0000002e1bb00000) (1024K)]
  0x00000207672e4110 JavaThread "Thread-9"                   daemon [_thread_in_native, id=8832, stack(0x0000002e1bb00000,0x0000002e1bc00000) (1024K)]
  0x00000207672e33f0 JavaThread "Thread-10"                  daemon [_thread_in_native, id=3560, stack(0x0000002e1bc00000,0x0000002e1bd00000) (1024K)]
  0x00000207672e61e0 JavaThread "Thread-11"                  daemon [_thread_in_native, id=19000, stack(0x0000002e1bd00000,0x0000002e1be00000) (1024K)]
  0x00000207672e6f00 JavaThread "Thread-12"                  daemon [_thread_in_native, id=16900, stack(0x0000002e1be00000,0x0000002e1bf00000) (1024K)]
  0x00000207672e7590 JavaThread "Thread-13"                  daemon [_thread_in_native, id=10884, stack(0x0000002e1bf00000,0x0000002e1c000000) (1024K)]
  0x00000207672e7c20 JavaThread "pool-2-thread-1"                   [_thread_blocked, id=14060, stack(0x0000002e1c000000,0x0000002e1c100000) (1024K)]
  0x00000207672e47a0 JavaThread "Timer-0"                           [_thread_blocked, id=18700, stack(0x0000002e1c100000,0x0000002e1c200000) (1024K)]
  0x00000207672e9cf0 JavaThread "Worker-4"                          [_thread_blocked, id=18764, stack(0x0000002e1c200000,0x0000002e1c300000) (1024K)]
  0x00000207672e8940 JavaThread "Timer-1"                           [_thread_blocked, id=7580, stack(0x0000002e1c300000,0x0000002e1c400000) (1024K)]
  0x00000207672e8fd0 JavaThread "Worker-5"                          [_thread_blocked, id=17736, stack(0x0000002e1c500000,0x0000002e1c600000) (1024K)]
  0x00000207672e9660 JavaThread "WorkspaceEventsHandler"            [_thread_blocked, id=2812, stack(0x0000002e1c600000,0x0000002e1c700000) (1024K)]
  0x00000207672eaa10 JavaThread "pool-1-thread-1"                   [_thread_blocked, id=20348, stack(0x0000002e1c700000,0x0000002e1c800000) (1024K)]
  0x00000207679e9c20 JavaThread "Timer-2"                           [_thread_blocked, id=20232, stack(0x0000002e1ca00000,0x0000002e1cb00000) (1024K)]
  0x00000207679e8870 JavaThread "Timer-3"                           [_thread_blocked, id=15552, stack(0x0000002e1ad00000,0x0000002e1ae00000) (1024K)]
  0x00000207679e8f00 JavaThread "Timer-4"                           [_thread_blocked, id=14320, stack(0x0000002e1c400000,0x0000002e1c500000) (1024K)]
  0x00000207679ea2b0 JavaThread "Timer-5"                           [_thread_blocked, id=19756, stack(0x0000002e1cb00000,0x0000002e1cc00000) (1024K)]
  0x00000207679eafd0 JavaThread "Timer-6"                           [_thread_blocked, id=6588, stack(0x0000002e1cd00000,0x0000002e1ce00000) (1024K)]
  0x00000207679eb660 JavaThread "Timer-7"                           [_thread_blocked, id=7176, stack(0x0000002e1ce00000,0x0000002e1cf00000) (1024K)]
  0x00000207679e81e0 JavaThread "Timer-8"                           [_thread_blocked, id=9500, stack(0x0000002e1cf00000,0x0000002e1d000000) (1024K)]
  0x00000207679ebcf0 JavaThread "Timer-9"                           [_thread_blocked, id=3212, stack(0x0000002e1d000000,0x0000002e1d100000) (1024K)]
  0x00000207679ee450 JavaThread "Timer-10"                          [_thread_blocked, id=12564, stack(0x0000002e1d400000,0x0000002e1d500000) (1024K)]
  0x00000207679eeae0 JavaThread "Timer-11"                          [_thread_blocked, id=6500, stack(0x0000002e1d500000,0x0000002e1d600000) (1024K)]
Total: 50

Other Threads:
  0x000002074832eb90 VMThread "VM Thread"                           [id=6268, stack(0x0000002e18d00000,0x0000002e18e00000) (1024K)]
  0x000002075ec1ca00 WatcherThread "VM Periodic Task Thread"        [id=10364, stack(0x0000002e18c00000,0x0000002e18d00000) (1024K)]
  0x00000207482a7310 WorkerThread "GC Thread#0"                     [id=7876, stack(0x0000002e18b00000,0x0000002e18c00000) (1024K)]
  0x0000020761369eb0 WorkerThread "GC Thread#1"                     [id=20344, stack(0x0000002e19a00000,0x0000002e19b00000) (1024K)]
  0x000002076167f590 WorkerThread "GC Thread#2"                     [id=1696, stack(0x0000002e19b00000,0x0000002e19c00000) (1024K)]
  0x00000207616e0450 WorkerThread "GC Thread#3"                     [id=16644, stack(0x0000002e19c00000,0x0000002e19d00000) (1024K)]
  0x00000207616e0800 WorkerThread "GC Thread#4"                     [id=5152, stack(0x0000002e19d00000,0x0000002e19e00000) (1024K)]
  0x000002076156fb40 WorkerThread "GC Thread#5"                     [id=12732, stack(0x0000002e19e00000,0x0000002e19f00000) (1024K)]
  0x000002076156fef0 WorkerThread "GC Thread#6"                     [id=15632, stack(0x0000002e19f00000,0x0000002e1a000000) (1024K)]
  0x00000207663aaad0 WorkerThread "GC Thread#7"                     [id=10604, stack(0x0000002e19700000,0x0000002e19800000) (1024K)]
  0x0000020761777320 WorkerThread "GC Thread#8"                     [id=17804, stack(0x0000002e1a400000,0x0000002e1a500000) (1024K)]
  0x00000207612fbea0 WorkerThread "GC Thread#9"                     [id=5484, stack(0x0000002e1a500000,0x0000002e1a600000) (1024K)]
Total: 12

Threads with active compile tasks:
Total: 0

VM state: not at safepoint (normal execution)

VM Mutex/Monitor currently owned by a thread: None

Heap address: 0x0000000080000000, size: 2048 MB, Compressed Oops mode: 32-bit

CDS archive(s) mapped at: [0x0000020700000000-0x0000020700ba0000-0x0000020700ba0000), size 12189696, SharedBaseAddress: 0x0000020700000000, ArchiveRelocationMode: 1.
Compressed class space mapped at: 0x0000020701000000-0x0000020741000000, reserved size: 1073741824
Narrow klass base: 0x0000020700000000, Narrow klass shift: 0, Narrow klass range: 0x100000000

GC Precious Log:
 CardTable entry size: 512
 CPUs: 12 total, 12 available
 Memory: 16211M
 Large Page Support: Disabled
 NUMA Support: Disabled
 Compressed Oops: Enabled (32-bit)
 Alignments: Space 512K, Generation 512K, Heap 2M
 Heap Min Capacity: 100M
 Heap Initial Capacity: 100M
 Heap Max Capacity: 2G
 Pre-touch: Disabled
 Parallel Workers: 10

Heap:
 PSYoungGen      total 13312K, used 3099K [0x00000000d5580000, 0x00000000d6380000, 0x0000000100000000)
  eden space 12288K, 20% used [0x00000000d5580000,0x00000000d57eec80,0x00000000d6180000)
  from space 1024K, 59% used [0x00000000d6280000,0x00000000d6318000,0x00000000d6380000)
  to   space 1024K, 0% used [0x00000000d6180000,0x00000000d6180000,0x00000000d6280000)
 ParOldGen       total 68608K, used 48221K [0x0000000080000000, 0x0000000084300000, 0x00000000d5580000)
  object space 68608K, 70% used [0x0000000080000000,0x0000000082f17408,0x0000000084300000)
 Metaspace       used 68962K, committed 70464K, reserved 1114112K
  class space    used 8692K, committed 9344K, reserved 1048576K

Card table byte_map: [0x0000020747c30000,0x0000020748040000] _byte_map_base: 0x0000020747830000

Marking Bits: (ParMarkBitMap*) 0x00007ffb7c233450
 Begin Bits: [0x000002075a740000, 0x000002075c740000)
 End Bits:   [0x000002075c740000, 0x000002075e740000)

Polling page: 0x00000207464e0000

Metaspace:

Usage:
  Non-class:     58.86 MB used.
      Class:      8.49 MB used.
       Both:     67.35 MB used.

Virtual space:
  Non-class space:       64.00 MB reserved,      59.69 MB ( 93%) committed,  1 nodes.
      Class space:        1.00 GB reserved,       9.12 MB ( <1%) committed,  1 nodes.
             Both:        1.06 GB reserved,      68.81 MB (  6%) committed. 

Chunk freelists:
   Non-Class:  4.36 MB
       Class:  6.76 MB
        Both:  11.12 MB

MaxMetaspaceSize: unlimited
CompressedClassSpaceSize: 1.00 GB
Initial GC threshold: 21.00 MB
Current GC threshold: 98.12 MB
CDS: on
 - commit_granule_bytes: 65536.
 - commit_granule_words: 8192.
 - virtual_space_node_default_size: 8388608.
 - enlarge_chunks_in_place: 1.
 - use_allocation_guard: 0.


Internal statistics:

num_allocs_failed_limit: 13.
num_arena_births: 1262.
num_arena_deaths: 14.
num_vsnodes_births: 2.
num_vsnodes_deaths: 0.
num_space_committed: 1101.
num_space_uncommitted: 0.
num_chunks_returned_to_freelist: 27.
num_chunks_taken_from_freelist: 4204.
num_chunk_merges: 10.
num_chunk_splits: 2645.
num_chunks_enlarged: 1590.
num_inconsistent_stats: 0.

CodeHeap 'non-profiled nmethods': size=120000Kb used=5637Kb max_used=5637Kb free=114363Kb
 bounds [0x0000020752f60000, 0x00000207534f0000, 0x000002075a490000]
CodeHeap 'profiled nmethods': size=120000Kb used=15957Kb max_used=15957Kb free=104042Kb
 bounds [0x000002074b490000, 0x000002074c430000, 0x00000207529c0000]
CodeHeap 'non-nmethods': size=5760Kb used=1425Kb max_used=1532Kb free=4334Kb
 bounds [0x00000207529c0000, 0x0000020752c30000, 0x0000020752f60000]
CodeCache: size=245760Kb, used=23019Kb, max_used=23126Kb, free=222739Kb
 total_blobs=8672, nmethods=7941, adapters=637, full_count=0
Compilation: enabled, stopped_count=0, restarted_count=0

Compilation events (20 events):
Event: 4097.309 Thread 0x0000020748347b80 8652   !   3       org.eclipse.core.internal.jobs.JobManager::nextJob (291 bytes)
Event: 4097.317 Thread 0x0000020748347b80 nmethod 8652 0x000002074c41d190 code [0x000002074c41d620, 0x000002074c41f758]
Event: 4097.317 Thread 0x0000020748347b80 8653       3       org.eclipse.core.internal.jobs.JobManager::startJob (89 bytes)
Event: 4097.319 Thread 0x0000020748347b80 nmethod 8653 0x000002074c420890 code [0x000002074c420b40, 0x000002074c4219a0]
Event: 4111.705 Thread 0x000002074833c470 8654       4       org.eclipse.osgi.container.ModuleDatabase::readLock (11 bytes)
Event: 4111.712 Thread 0x000002074833c470 nmethod 8654 0x00000207534e0790 code [0x00000207534e0980, 0x00000207534e0d60]
Event: 4217.312 Thread 0x0000020748347b80 8655       3       org.eclipse.core.internal.jobs.JobQueue::isEmpty (18 bytes)
Event: 4217.312 Thread 0x0000020748347b80 nmethod 8655 0x000002074c421e10 code [0x000002074c421fc0, 0x000002074c422150]
Event: 4277.312 Thread 0x0000020748347b80 8656   !   3       org.eclipse.core.internal.jobs.JobManager::sleepHint (67 bytes)
Event: 4277.313 Thread 0x0000020748347b80 nmethod 8656 0x000002074c422210 code [0x000002074c422480, 0x000002074c422f50]
Event: 4608.593 Thread 0x0000020748347b80 8657   !   3       java.lang.ref.ReferenceQueue::remove (61 bytes)
Event: 4608.594 Thread 0x0000020748347b80 nmethod 8657 0x000002074c423410 code [0x000002074c4236a0, 0x000002074c424228]
Event: 4608.594 Thread 0x0000020748347b80 8658       3       java.lang.ref.ReferenceQueue::remove0 (64 bytes)
Event: 4608.595 Thread 0x0000020748347b80 nmethod 8658 0x000002074c424610 code [0x000002074c424820, 0x000002074c424ca0]
Event: 4698.595 Thread 0x000002074833c470 8659       4       java.util.concurrent.locks.LockSupport::setBlocker (12 bytes)
Event: 4698.595 Thread 0x000002074833c470 nmethod 8659 0x00000207534e1110 code [0x00000207534e1280, 0x00000207534e1308]
Event: 4817.309 Thread 0x0000020748347b80 8660       3       org.eclipse.core.runtime.jobs.Job::getJobGroup (5 bytes)
Event: 4817.309 Thread 0x0000020748347b80 nmethod 8660 0x000002074c424e10 code [0x000002074c424fa0, 0x000002074c4250c0]
Event: 4817.310 Thread 0x0000020748347b80 8661       3       java.util.HashMap$Node::setValue (12 bytes)
Event: 4817.310 Thread 0x0000020748347b80 nmethod 8661 0x000002074c425190 code [0x000002074c425320, 0x000002074c425448]

GC Heap History (20 events):
Event: 40.913 GC heap before
{Heap before GC invocations=52 (full 3):
 PSYoungGen      total 13824K, used 13611K [0x00000000d5580000, 0x00000000d6400000, 0x0000000100000000)
  eden space 12800K, 100% used [0x00000000d5580000,0x00000000d6200000,0x00000000d6200000)
  from space 1024K, 79% used [0x00000000d6300000,0x00000000d63cac48,0x00000000d6400000)
  to   space 1024K, 0% used [0x00000000d6200000,0x00000000d6200000,0x00000000d6300000)
 ParOldGen       total 68608K, used 44739K [0x0000000080000000, 0x0000000084300000, 0x00000000d5580000)
  object space 68608K, 65% used [0x0000000080000000,0x0000000082bb0dd0,0x0000000084300000)
 Metaspace       used 64003K, committed 65280K, reserved 1114112K
  class space    used 8042K, committed 8640K, reserved 1048576K
}
Event: 40.914 GC heap after
{Heap after GC invocations=52 (full 3):
 PSYoungGen      total 13824K, used 811K [0x00000000d5580000, 0x00000000d6400000, 0x0000000100000000)
  eden space 12800K, 0% used [0x00000000d5580000,0x00000000d5580000,0x00000000d6200000)
  from space 1024K, 79% used [0x00000000d6200000,0x00000000d62cae40,0x00000000d6300000)
  to   space 1024K, 0% used [0x00000000d6300000,0x00000000d6300000,0x00000000d6400000)
 ParOldGen       total 68608K, used 44956K [0x0000000080000000, 0x0000000084300000, 0x00000000d5580000)
  object space 68608K, 65% used [0x0000000080000000,0x0000000082be71d0,0x0000000084300000)
 Metaspace       used 64003K, committed 65280K, reserved 1114112K
  class space    used 8042K, committed 8640K, reserved 1048576K
}
Event: 40.964 GC heap before
{Heap before GC invocations=53 (full 3):
 PSYoungGen      total 13824K, used 13611K [0x00000000d5580000, 0x00000000d6400000, 0x0000000100000000)
  eden space 12800K, 100% used [0x00000000d5580000,0x00000000d6200000,0x00000000d6200000)
  from space 1024K, 79% used [0x00000000d6200000,0x00000000d62cae40,0x00000000d6300000)
  to   space 1024K, 0% used [0x00000000d6300000,0x00000000d6300000,0x00000000d6400000)
 ParOldGen       total 68608K, used 44956K [0x0000000080000000, 0x0000000084300000, 0x00000000d5580000)
  object space 68608K, 65% used [0x0000000080000000,0x0000000082be71d0,0x0000000084300000)
 Metaspace       used 64003K, committed 65280K, reserved 1114112K
  class space    used 8042K, committed 8640K, reserved 1048576K
}
Event: 40.964 GC heap after
{Heap after GC invocations=53 (full 3):
 PSYoungGen      total 13312K, used 256K [0x00000000d5580000, 0x00000000d6380000, 0x0000000100000000)
  eden space 12800K, 0% used [0x00000000d5580000,0x00000000d5580000,0x00000000d6200000)
  from space 512K, 50% used [0x00000000d6300000,0x00000000d6340000,0x00000000d6380000)
  to   space 512K, 0% used [0x00000000d6280000,0x00000000d6280000,0x00000000d6300000)
 ParOldGen       total 68608K, used 45591K [0x0000000080000000, 0x0000000084300000, 0x00000000d5580000)
  object space 68608K, 66% used [0x0000000080000000,0x0000000082c85ea8,0x0000000084300000)
 Metaspace       used 64003K, committed 65280K, reserved 1114112K
  class space    used 8042K, committed 8640K, reserved 1048576K
}
Event: 41.079 GC heap before
{Heap before GC invocations=54 (full 3):
 PSYoungGen      total 13312K, used 13056K [0x00000000d5580000, 0x00000000d6380000, 0x0000000100000000)
  eden space 12800K, 100% used [0x00000000d5580000,0x00000000d6200000,0x00000000d6200000)
  from space 512K, 50% used [0x00000000d6300000,0x00000000d6340000,0x00000000d6380000)
  to   space 512K, 0% used [0x00000000d6280000,0x00000000d6280000,0x00000000d6300000)
 ParOldGen       total 68608K, used 45591K [0x0000000080000000, 0x0000000084300000, 0x00000000d5580000)
  object space 68608K, 66% used [0x0000000080000000,0x0000000082c85ea8,0x0000000084300000)
 Metaspace       used 65136K, committed 66432K, reserved 1114112K
  class space    used 8221K, committed 8832K, reserved 1048576K
}
Event: 41.079 GC heap after
{Heap after GC invocations=54 (full 3):
 PSYoungGen      total 13312K, used 496K [0x00000000d5580000, 0x00000000d6400000, 0x0000000100000000)
  eden space 12800K, 0% used [0x00000000d5580000,0x00000000d5580000,0x00000000d6200000)
  from space 512K, 97% used [0x00000000d6280000,0x00000000d62fc348,0x00000000d6300000)
  to   space 1024K, 0% used [0x00000000d6300000,0x00000000d6300000,0x00000000d6400000)
 ParOldGen       total 68608K, used 45663K [0x0000000080000000, 0x0000000084300000, 0x00000000d5580000)
  object space 68608K, 66% used [0x0000000080000000,0x0000000082c97eb8,0x0000000084300000)
 Metaspace       used 65136K, committed 66432K, reserved 1114112K
  class space    used 8221K, committed 8832K, reserved 1048576K
}
Event: 41.431 GC heap before
{Heap before GC invocations=55 (full 3):
 PSYoungGen      total 13312K, used 13296K [0x00000000d5580000, 0x00000000d6400000, 0x0000000100000000)
  eden space 12800K, 100% used [0x00000000d5580000,0x00000000d6200000,0x00000000d6200000)
  from space 512K, 97% used [0x00000000d6280000,0x00000000d62fc348,0x00000000d6300000)
  to   space 1024K, 0% used [0x00000000d6300000,0x00000000d6300000,0x00000000d6400000)
 ParOldGen       total 68608K, used 45663K [0x0000000080000000, 0x0000000084300000, 0x00000000d5580000)
  object space 68608K, 66% used [0x0000000080000000,0x0000000082c97eb8,0x0000000084300000)
 Metaspace       used 66670K, committed 67968K, reserved 1114112K
  class space    used 8442K, committed 9024K, reserved 1048576K
}
Event: 41.432 GC heap after
{Heap after GC invocations=55 (full 3):
 PSYoungGen      total 13824K, used 512K [0x00000000d5580000, 0x00000000d6400000, 0x0000000100000000)
  eden space 12800K, 0% used [0x00000000d5580000,0x00000000d5580000,0x00000000d6200000)
  from space 1024K, 50% used [0x00000000d6300000,0x00000000d6380010,0x00000000d6400000)
  to   space 1024K, 0% used [0x00000000d6200000,0x00000000d6200000,0x00000000d6300000)
 ParOldGen       total 68608K, used 46054K [0x0000000080000000, 0x0000000084300000, 0x00000000d5580000)
  object space 68608K, 67% used [0x0000000080000000,0x0000000082cf9bc8,0x0000000084300000)
 Metaspace       used 66670K, committed 67968K, reserved 1114112K
  class space    used 8442K, committed 9024K, reserved 1048576K
}
Event: 41.682 GC heap before
{Heap before GC invocations=56 (full 3):
 PSYoungGen      total 13824K, used 13247K [0x00000000d5580000, 0x00000000d6400000, 0x0000000100000000)
  eden space 12800K, 99% used [0x00000000d5580000,0x00000000d61efc68,0x00000000d6200000)
  from space 1024K, 50% used [0x00000000d6300000,0x00000000d6380010,0x00000000d6400000)
  to   space 1024K, 0% used [0x00000000d6200000,0x00000000d6200000,0x00000000d6300000)
 ParOldGen       total 68608K, used 46054K [0x0000000080000000, 0x0000000084300000, 0x00000000d5580000)
  object space 68608K, 67% used [0x0000000080000000,0x0000000082cf9bc8,0x0000000084300000)
 Metaspace       used 66889K, committed 68224K, reserved 1114112K
  class space    used 8456K, committed 9088K, reserved 1048576K
}
Event: 41.683 GC heap after
{Heap after GC invocations=56 (full 3):
 PSYoungGen      total 13824K, used 320K [0x00000000d5580000, 0x00000000d6380000, 0x0000000100000000)
  eden space 12800K, 0% used [0x00000000d5580000,0x00000000d5580000,0x00000000d6200000)
  from space 1024K, 31% used [0x00000000d6200000,0x00000000d6250010,0x00000000d6300000)
  to   space 512K, 0% used [0x00000000d6300000,0x00000000d6300000,0x00000000d6380000)
 ParOldGen       total 68608K, used 46519K [0x0000000080000000, 0x0000000084300000, 0x00000000d5580000)
  object space 68608K, 67% used [0x0000000080000000,0x0000000082d6dc18,0x0000000084300000)
 Metaspace       used 66889K, committed 68224K, reserved 1114112K
  class space    used 8456K, committed 9088K, reserved 1048576K
}
Event: 41.833 GC heap before
{Heap before GC invocations=57 (full 3):
 PSYoungGen      total 13824K, used 12947K [0x00000000d5580000, 0x00000000d6380000, 0x0000000100000000)
  eden space 12800K, 98% used [0x00000000d5580000,0x00000000d61d4e40,0x00000000d6200000)
  from space 1024K, 31% used [0x00000000d6200000,0x00000000d6250010,0x00000000d6300000)
  to   space 512K, 0% used [0x00000000d6300000,0x00000000d6300000,0x00000000d6380000)
 ParOldGen       total 68608K, used 46519K [0x0000000080000000, 0x0000000084300000, 0x00000000d5580000)
  object space 68608K, 67% used [0x0000000080000000,0x0000000082d6dc18,0x0000000084300000)
 Metaspace       used 67319K, committed 68736K, reserved 1114112K
  class space    used 8524K, committed 9152K, reserved 1048576K
}
Event: 41.834 GC heap after
{Heap after GC invocations=57 (full 3):
 PSYoungGen      total 12800K, used 496K [0x00000000d5580000, 0x00000000d6500000, 0x0000000100000000)
  eden space 12288K, 0% used [0x00000000d5580000,0x00000000d5580000,0x00000000d6180000)
  from space 512K, 96% used [0x00000000d6300000,0x00000000d637c168,0x00000000d6380000)
  to   space 1536K, 0% used [0x00000000d6180000,0x00000000d6180000,0x00000000d6300000)
 ParOldGen       total 68608K, used 47149K [0x0000000080000000, 0x0000000084300000, 0x00000000d5580000)
  object space 68608K, 68% used [0x0000000080000000,0x0000000082e0b5f8,0x0000000084300000)
 Metaspace       used 67319K, committed 68736K, reserved 1114112K
  class space    used 8524K, committed 9152K, reserved 1048576K
}
Event: 42.142 GC heap before
{Heap before GC invocations=58 (full 3):
 PSYoungGen      total 12800K, used 12784K [0x00000000d5580000, 0x00000000d6500000, 0x0000000100000000)
  eden space 12288K, 100% used [0x00000000d5580000,0x00000000d6180000,0x00000000d6180000)
  from space 512K, 96% used [0x00000000d6300000,0x00000000d637c168,0x00000000d6380000)
  to   space 1536K, 0% used [0x00000000d6180000,0x00000000d6180000,0x00000000d6300000)
 ParOldGen       total 68608K, used 47149K [0x0000000080000000, 0x0000000084300000, 0x00000000d5580000)
  object space 68608K, 68% used [0x0000000080000000,0x0000000082e0b5f8,0x0000000084300000)
 Metaspace       used 67432K, committed 68800K, reserved 1114112K
  class space    used 8537K, committed 9152K, reserved 1048576K
}
Event: 42.143 GC heap after
{Heap after GC invocations=58 (full 3):
 PSYoungGen      total 12800K, used 384K [0x00000000d5580000, 0x00000000d6380000, 0x0000000100000000)
  eden space 12288K, 0% used [0x00000000d5580000,0x00000000d5580000,0x00000000d6180000)
  from space 512K, 75% used [0x00000000d6180000,0x00000000d61e0000,0x00000000d6200000)
  to   space 1024K, 0% used [0x00000000d6280000,0x00000000d6280000,0x00000000d6380000)
 ParOldGen       total 68608K, used 47571K [0x0000000080000000, 0x0000000084300000, 0x00000000d5580000)
  object space 68608K, 69% used [0x0000000080000000,0x0000000082e74d78,0x0000000084300000)
 Metaspace       used 67432K, committed 68800K, reserved 1114112K
  class space    used 8537K, committed 9152K, reserved 1048576K
}
Event: 42.307 GC heap before
{Heap before GC invocations=59 (full 3):
 PSYoungGen      total 12800K, used 12672K [0x00000000d5580000, 0x00000000d6380000, 0x0000000100000000)
  eden space 12288K, 100% used [0x00000000d5580000,0x00000000d6180000,0x00000000d6180000)
  from space 512K, 75% used [0x00000000d6180000,0x00000000d61e0000,0x00000000d6200000)
  to   space 1024K, 0% used [0x00000000d6280000,0x00000000d6280000,0x00000000d6380000)
 ParOldGen       total 68608K, used 47571K [0x0000000080000000, 0x0000000084300000, 0x00000000d5580000)
  object space 68608K, 69% used [0x0000000080000000,0x0000000082e74d78,0x0000000084300000)
 Metaspace       used 67475K, committed 68800K, reserved 1114112K
  class space    used 8538K, committed 9152K, reserved 1048576K
}
Event: 42.308 GC heap after
{Heap after GC invocations=59 (full 3):
 PSYoungGen      total 12800K, used 256K [0x00000000d5580000, 0x00000000d6300000, 0x0000000100000000)
  eden space 12288K, 0% used [0x00000000d5580000,0x00000000d5580000,0x00000000d6180000)
  from space 512K, 50% used [0x00000000d6280000,0x00000000d62c0000,0x00000000d6300000)
  to   space 512K, 0% used [0x00000000d6180000,0x00000000d6180000,0x00000000d6200000)
 ParOldGen       total 68608K, used 47707K [0x0000000080000000, 0x0000000084300000, 0x00000000d5580000)
  object space 68608K, 69% used [0x0000000080000000,0x0000000082e96d78,0x0000000084300000)
 Metaspace       used 67475K, committed 68800K, reserved 1114112K
  class space    used 8538K, committed 9152K, reserved 1048576K
}
Event: 42.539 GC heap before
{Heap before GC invocations=60 (full 3):
 PSYoungGen      total 12800K, used 12543K [0x00000000d5580000, 0x00000000d6300000, 0x0000000100000000)
  eden space 12288K, 99% used [0x00000000d5580000,0x00000000d617ffe0,0x00000000d6180000)
  from space 512K, 50% used [0x00000000d6280000,0x00000000d62c0000,0x00000000d6300000)
  to   space 512K, 0% used [0x00000000d6180000,0x00000000d6180000,0x00000000d6200000)
 ParOldGen       total 68608K, used 47707K [0x0000000080000000, 0x0000000084300000, 0x00000000d5580000)
  object space 68608K, 69% used [0x0000000080000000,0x0000000082e96d78,0x0000000084300000)
 Metaspace       used 68142K, committed 69568K, reserved 1114112K
  class space    used 8612K, committed 9280K, reserved 1048576K
}
Event: 42.540 GC heap after
{Heap after GC invocations=60 (full 3):
 PSYoungGen      total 12800K, used 488K [0x00000000d5580000, 0x00000000d6380000, 0x0000000100000000)
  eden space 12288K, 0% used [0x00000000d5580000,0x00000000d5580000,0x00000000d6180000)
  from space 512K, 95% used [0x00000000d6180000,0x00000000d61fa1b8,0x00000000d6200000)
  to   space 1024K, 0% used [0x00000000d6280000,0x00000000d6280000,0x00000000d6380000)
 ParOldGen       total 68608K, used 47828K [0x0000000080000000, 0x0000000084300000, 0x00000000d5580000)
  object space 68608K, 69% used [0x0000000080000000,0x0000000082eb5008,0x0000000084300000)
 Metaspace       used 68142K, committed 69568K, reserved 1114112K
  class space    used 8612K, committed 9280K, reserved 1048576K
}
Event: 271.556 GC heap before
{Heap before GC invocations=61 (full 3):
 PSYoungGen      total 12800K, used 12776K [0x00000000d5580000, 0x00000000d6380000, 0x0000000100000000)
  eden space 12288K, 100% used [0x00000000d5580000,0x00000000d6180000,0x00000000d6180000)
  from space 512K, 95% used [0x00000000d6180000,0x00000000d61fa1b8,0x00000000d6200000)
  to   space 1024K, 0% used [0x00000000d6280000,0x00000000d6280000,0x00000000d6380000)
 ParOldGen       total 68608K, used 47828K [0x0000000080000000, 0x0000000084300000, 0x00000000d5580000)
  object space 68608K, 69% used [0x0000000080000000,0x0000000082eb5008,0x0000000084300000)
 Metaspace       used 68654K, committed 70144K, reserved 1114112K
  class space    used 8662K, committed 9344K, reserved 1048576K
}
Event: 271.557 GC heap after
{Heap after GC invocations=61 (full 3):
 PSYoungGen      total 13312K, used 608K [0x00000000d5580000, 0x00000000d6380000, 0x0000000100000000)
  eden space 12288K, 0% used [0x00000000d5580000,0x00000000d5580000,0x00000000d6180000)
  from space 1024K, 59% used [0x00000000d6280000,0x00000000d6318000,0x00000000d6380000)
  to   space 1024K, 0% used [0x00000000d6180000,0x00000000d6180000,0x00000000d6280000)
 ParOldGen       total 68608K, used 48221K [0x0000000080000000, 0x0000000084300000, 0x00000000d5580000)
  object space 68608K, 70% used [0x0000000080000000,0x0000000082f17408,0x0000000084300000)
 Metaspace       used 68654K, committed 70144K, reserved 1114112K
  class space    used 8662K, committed 9344K, reserved 1048576K
}

Dll operation events (15 events):
Event: 0.016 Loaded shared library c:\Users\user\.antigravity\extensions\redhat.java-1.54.0-win32-x64\jre\21.0.10-win32-x86_64\bin\java.dll
Event: 0.048 Loaded shared library c:\Users\user\.antigravity\extensions\redhat.java-1.54.0-win32-x64\jre\21.0.10-win32-x86_64\bin\zip.dll
Event: 0.119 Loaded shared library C:\Users\user\.antigravity\extensions\redhat.java-1.54.0-win32-x64\jre\21.0.10-win32-x86_64\bin\instrument.dll
Event: 0.124 Loaded shared library C:\Users\user\.antigravity\extensions\redhat.java-1.54.0-win32-x64\jre\21.0.10-win32-x86_64\bin\net.dll
Event: 0.128 Loaded shared library C:\Users\user\.antigravity\extensions\redhat.java-1.54.0-win32-x64\jre\21.0.10-win32-x86_64\bin\nio.dll
Event: 0.133 Loaded shared library C:\Users\user\.antigravity\extensions\redhat.java-1.54.0-win32-x64\jre\21.0.10-win32-x86_64\bin\zip.dll
Event: 0.156 Loaded shared library C:\Users\user\.antigravity\extensions\redhat.java-1.54.0-win32-x64\jre\21.0.10-win32-x86_64\bin\jimage.dll
Event: 0.261 Loaded shared library c:\Users\user\.antigravity\extensions\redhat.java-1.54.0-win32-x64\jre\21.0.10-win32-x86_64\bin\verify.dll
Event: 8.707 Loaded shared library C:\Users\user\AppData\Roaming\Antigravity\User\globalStorage\redhat.java\1.54.0\config_win\org.eclipse.equinox.launcher\org.eclipse.equinox.launcher.win32.win32.x86_64_1.3.0.v20260203-2149\eclipse_11919.dll
Event: 17.140 Loaded shared library C:\Users\user\AppData\Local\Temp\jna-3599307\jna10577924025898082811.dll
Event: 18.522 Loaded shared library C:\Users\user\.antigravity\extensions\redhat.java-1.54.0-win32-x64\jre\21.0.10-win32-x86_64\bin\sunmscapi.dll
Event: 20.629 Loaded shared library C:\Users\user\.antigravity\extensions\redhat.java-1.54.0-win32-x64\jre\21.0.10-win32-x86_64\bin\extnet.dll
Event: 30.759 Loaded shared library C:\Users\user\.gradle\native\1def1411415f61bf3af743bc5b6707747c0891f09f0c88961ee8f79bc544acac\windows-amd64\native-platform.dll
Event: 39.225 Loaded shared library C:\Users\user\.antigravity\extensions\redhat.java-1.54.0-win32-x64\jre\21.0.10-win32-x86_64\bin\management.dll
Event: 39.264 Loaded shared library C:\Users\user\.antigravity\extensions\redhat.java-1.54.0-win32-x64\jre\21.0.10-win32-x86_64\bin\management_ext.dll

Deoptimization events (20 events):
Event: 1344.391 Thread 0x00000207679ec380 DEOPT PACKING pc=0x000002075307adc4 sp=0x0000002e187fec00
Event: 1344.391 Thread 0x00000207679ec380 DEOPT UNPACKING pc=0x0000020752a13aa2 sp=0x0000002e187feab8 mode 2
Event: 2333.353 Thread 0x00000207672e47a0 DEOPT PACKING pc=0x000002074c4093ab sp=0x0000002e1c1ff200
Event: 2333.353 Thread 0x00000207672e47a0 DEOPT UNPACKING pc=0x0000020752a14242 sp=0x0000002e1c1fe6e8 mode 0
Event: 2516.934 Thread 0x00000207679eb660 DEOPT PACKING pc=0x000002074c4093ab sp=0x0000002e1ceff110
Event: 2516.934 Thread 0x00000207679eb660 DEOPT UNPACKING pc=0x0000020752a14242 sp=0x0000002e1cefe5f8 mode 0
Event: 2703.351 Thread 0x00000207679e8870 DEOPT PACKING pc=0x000002074c4093ab sp=0x0000002e1adff0a0
Event: 2703.351 Thread 0x00000207679e8870 DEOPT UNPACKING pc=0x0000020752a14242 sp=0x0000002e1adfe588 mode 0
Event: 2909.434 Thread 0x00000207679ee450 DEOPT PACKING pc=0x000002074c4093ab sp=0x0000002e1d4ff330
Event: 2909.434 Thread 0x00000207679ee450 DEOPT UNPACKING pc=0x0000020752a14242 sp=0x0000002e1d4fe818 mode 0
Event: 3136.940 Thread 0x00000207679e9c20 DEOPT PACKING pc=0x000002074c4093ab sp=0x0000002e1caff390
Event: 3136.940 Thread 0x00000207679e9c20 DEOPT UNPACKING pc=0x0000020752a14242 sp=0x0000002e1cafe878 mode 0
Event: 3652.423 Thread 0x00000207679eafd0 DEOPT PACKING pc=0x000002074c4093ab sp=0x0000002e1cdff5b0
Event: 3652.423 Thread 0x00000207679eafd0 DEOPT UNPACKING pc=0x0000020752a14242 sp=0x0000002e1cdfea98 mode 0
Event: 3951.341 Thread 0x00000207679e81e0 DEOPT PACKING pc=0x000002074c4093ab sp=0x0000002e1cfff6d0
Event: 3951.341 Thread 0x00000207679e81e0 DEOPT UNPACKING pc=0x0000020752a14242 sp=0x0000002e1cffebb8 mode 0
Event: 4334.951 Thread 0x00000207679eeae0 DEOPT PACKING pc=0x000002074c4093ab sp=0x0000002e1d5fefb0
Event: 4334.951 Thread 0x00000207679eeae0 DEOPT UNPACKING pc=0x0000020752a14242 sp=0x0000002e1d5fe498 mode 0
Event: 4782.884 Thread 0x00000207679ebcf0 DEOPT PACKING pc=0x000002074c4093ab sp=0x0000002e1d0ff060
Event: 4782.884 Thread 0x00000207679ebcf0 DEOPT UNPACKING pc=0x0000020752a14242 sp=0x0000002e1d0fe548 mode 0

Classes loaded (20 events):
Event: 42.414 Loading class java/util/concurrent/CompletableFuture$UniCompletion done
Event: 42.414 Loading class java/util/concurrent/CompletableFuture$UniApply done
Event: 42.415 Loading class java/util/concurrent/CompletableFuture$UniAccept
Event: 42.415 Loading class java/util/concurrent/CompletableFuture$UniAccept done
Event: 42.415 Loading class java/util/concurrent/CompletableFuture$UniExceptionally
Event: 42.416 Loading class java/util/concurrent/CompletableFuture$UniExceptionally done
Event: 42.422 Loading class java/util/concurrent/CompletableFuture$Signaller
Event: 42.422 Loading class java/util/concurrent/CompletableFuture$Signaller done
Event: 340.919 Loading class java/util/concurrent/ForkJoinTask$AdaptedCallable
Event: 340.919 Loading class java/util/concurrent/ForkJoinTask$AdaptedCallable done
Event: 340.923 Loading class java/util/stream/Nodes$CollectorTask$OfRef
Event: 340.924 Loading class java/util/stream/Nodes$CollectorTask
Event: 340.925 Loading class java/util/stream/Nodes$CollectorTask done
Event: 340.925 Loading class java/util/stream/Nodes$CollectorTask$OfRef done
Event: 340.925 Loading class java/util/function/LongFunction
Event: 340.925 Loading class java/util/function/LongFunction done
Event: 340.925 Loading class java/util/stream/Nodes$ConcNode
Event: 340.925 Loading class java/util/stream/Nodes$AbstractConcNode
Event: 340.925 Loading class java/util/stream/Nodes$AbstractConcNode done
Event: 340.925 Loading class java/util/stream/Nodes$ConcNode done

Classes unloaded (7 events):
Event: 17.585 Thread 0x000002074832eb90 Unloading class 0x00000207011a8800 'java/lang/invoke/LambdaForm$MH+0x00000207011a8800'
Event: 17.585 Thread 0x000002074832eb90 Unloading class 0x00000207011a8400 'java/lang/invoke/LambdaForm$MH+0x00000207011a8400'
Event: 17.585 Thread 0x000002074832eb90 Unloading class 0x00000207011a8000 'java/lang/invoke/LambdaForm$MH+0x00000207011a8000'
Event: 17.585 Thread 0x000002074832eb90 Unloading class 0x00000207011a7c00 'java/lang/invoke/LambdaForm$MH+0x00000207011a7c00'
Event: 17.585 Thread 0x000002074832eb90 Unloading class 0x00000207011a7800 'java/lang/invoke/LambdaForm$BMH+0x00000207011a7800'
Event: 17.585 Thread 0x000002074832eb90 Unloading class 0x00000207011a7400 'java/lang/invoke/LambdaForm$DMH+0x00000207011a7400'
Event: 17.585 Thread 0x000002074832eb90 Unloading class 0x00000207011a6400 'java/lang/invoke/LambdaForm$DMH+0x00000207011a6400'

Classes redefined (0 events):
No events

Internal exceptions (20 events):
Event: 42.389 Thread 0x00000207672eaa10 Implicit null exception at 0x00000207532f1b80 to 0x00000207532f1fc8
Event: 42.390 Thread 0x00000207672eaa10 Exception <a 'sun/nio/fs/WindowsException'{0x00000000d5903d88}> (0x00000000d5903d88) 
thrown [s\src\hotspot\share\prims\jni.cpp, line 520]
Event: 42.390 Thread 0x00000207672eaa10 Exception <a 'sun/nio/fs/WindowsException'{0x00000000d5904610}> (0x00000000d5904610) 
thrown [s\src\hotspot\share\prims\jni.cpp, line 520]
Event: 42.391 Thread 0x00000207672eaa10 Exception <a 'sun/nio/fs/WindowsException'{0x00000000d590f860}> (0x00000000d590f860) 
thrown [s\src\hotspot\share\prims\jni.cpp, line 520]
Event: 42.391 Thread 0x00000207672eaa10 Exception <a 'sun/nio/fs/WindowsException'{0x00000000d5916338}> (0x00000000d5916338) 
thrown [s\src\hotspot\share\prims\jni.cpp, line 520]
Event: 42.410 Thread 0x00000207672eaa10 Exception <a 'sun/nio/fs/WindowsException'{0x00000000d5bf4f40}> (0x00000000d5bf4f40) 
thrown [s\src\hotspot\share\prims\jni.cpp, line 520]
Event: 42.410 Thread 0x00000207672eaa10 Exception <a 'sun/nio/fs/WindowsException'{0x00000000d5bf6ba0}> (0x00000000d5bf6ba0) 
thrown [s\src\hotspot\share\prims\jni.cpp, line 520]
Event: 42.413 Thread 0x00000207672eaa10 Exception <a 'java/lang/IncompatibleClassChangeError'{0x00000000d5c81748}: Found class java.lang.Object, but interface was expected> (0x00000000d5c81748) 
thrown [s\src\hotspot\share\interpreter\linkResolver.cpp, line 840]
Event: 42.419 Thread 0x00000207679e9590 Implicit null exception at 0x00000207533fed8e to 0x00000207533ff398
Event: 42.545 Thread 0x00000207679eddc0 Exception <a 'java/lang/NoSuchMethodError'{0x00000000d55c0328}: static Lorg/gradle/api/GradleException;.<clinit>()V> (0x00000000d55c0328) 
thrown [s\src\hotspot\share\prims\jni.cpp, line 1111]
Event: 42.546 Thread 0x00000207679eddc0 Exception <a 'java/lang/NoSuchMethodError'{0x00000000d55fece8}: static Lorg/gradle/internal/exceptions/ContextAwareException;.<clinit>()V> (0x00000000d55fece8) 
thrown [s\src\hotspot\share\prims\jni.cpp, line 1111]
Event: 42.547 Thread 0x00000207679eddc0 Exception <a 'java/lang/NoSuchMethodError'{0x00000000d561a088}: static Lorg/gradle/internal/exceptions/LocationAwareException;.<clinit>()V> (0x00000000d561a088) 
thrown [s\src\hotspot\share\prims\jni.cpp, line 1111]
Event: 43.298 Thread 0x00000207679ef800 Exception <a 'java/lang/NoSuchMethodError'{0x00000000d5d3f848}: static Lorg/gradle/api/GradleException;.<clinit>()V> (0x00000000d5d3f848) 
thrown [s\src\hotspot\share\prims\jni.cpp, line 1111]
Event: 43.298 Thread 0x00000207679ef800 Exception <a 'java/lang/NoSuchMethodError'{0x00000000d5d41770}: static Lorg/gradle/internal/exceptions/DefaultMultiCauseException;.<clinit>()V> (0x00000000d5d41770) 
thrown [s\src\hotspot\share\prims\jni.cpp, line 1111]
Event: 43.298 Thread 0x00000207679ef800 Exception <a 'java/lang/NoSuchMethodError'{0x00000000d5d45ec8}: static Lorg/gradle/internal/operations/MultipleBuildOperationFailures;.<clinit>()V> (0x00000000d5d45ec8) 
thrown [s\src\hotspot\share\prims\jni.cpp, line 1111]
Event: 43.309 Thread 0x00000207679ef800 Exception <a 'java/lang/NoSuchMethodError'{0x00000000d5de9848}: static Lorg/gradle/api/ProjectConfigurationException;.<clinit>()V> (0x00000000d5de9848) 
thrown [s\src\hotspot\share\prims\jni.cpp, line 1111]
Event: 43.322 Thread 0x00000207679ef800 Exception <a 'java/lang/NoSuchMethodError'{0x00000000d5ee40d0}: static Lorg/gradle/internal/exceptions/ContextAwareException;.<clinit>()V> (0x00000000d5ee40d0) 
thrown [s\src\hotspot\share\prims\jni.cpp, line 1111]
Event: 43.322 Thread 0x00000207679ef800 Exception <a 'java/lang/NoSuchMethodError'{0x00000000d5ee64a0}: static Lorg/gradle/internal/exceptions/LocationAwareException;.<clinit>()V> (0x00000000d5ee64a0) 
thrown [s\src\hotspot\share\prims\jni.cpp, line 1111]
Event: 340.937 Thread 0x00000207672e9cf0 Exception <a 'java/lang/NoSuchMethodError'{0x00000000d56f7e00}: 'java.lang.Object java.lang.invoke.DirectMethodHandle$Holder.newInvokeSpecial(java.lang.Object, java.lang.Object, java.lang.Object, java.lang.Object, java.lang.Object, java.lang.Object, java.lang.Object, java.lang.Object)'> (0x00000000d56f7e00) 
thrown [s\src\hotspot\share\interpreter\linkResolver.cpp, line 773]
Event: 1344.384 Thread 0x00000207672eaa10 Exception <a 'java/lang/IncompatibleClassChangeError'{0x00000000d5752d08}: Found class java.lang.Object, but interface was expected> (0x00000000d5752d08) 
thrown [s\src\hotspot\share\interpreter\linkResolver.cpp, line 840]

ZGC Phase Switch (0 events):
No events

VM Operations (20 events):
Event: 4690.123 Executing non-safepoint VM operation: RendezvousGCThreads
Event: 4690.123 Executing non-safepoint VM operation: RendezvousGCThreads done
Event: 4750.249 Executing non-safepoint VM operation: HandshakeAllThreads (HandshakeForDeflation)
Event: 4750.249 Executing non-safepoint VM operation: HandshakeAllThreads (HandshakeForDeflation) done
Event: 4750.249 Executing non-safepoint VM operation: RendezvousGCThreads
Event: 4750.249 Executing non-safepoint VM operation: RendezvousGCThreads done
Event: 4810.372 Executing non-safepoint VM operation: HandshakeAllThreads (HandshakeForDeflation)
Event: 4810.372 Executing non-safepoint VM operation: HandshakeAllThreads (HandshakeForDeflation) done
Event: 4810.372 Executing non-safepoint VM operation: RendezvousGCThreads
Event: 4810.372 Executing non-safepoint VM operation: RendezvousGCThreads done
Event: 4817.377 Executing safepoint VM operation: Cleanup
Event: 4817.377 Executing safepoint VM operation: Cleanup done
Event: 4870.540 Executing non-safepoint VM operation: HandshakeAllThreads (HandshakeForDeflation)
Event: 4870.540 Executing non-safepoint VM operation: HandshakeAllThreads (HandshakeForDeflation) done
Event: 4870.540 Executing non-safepoint VM operation: RendezvousGCThreads
Event: 4870.540 Executing non-safepoint VM operation: RendezvousGCThreads done
Event: 4930.657 Executing non-safepoint VM operation: HandshakeAllThreads (HandshakeForDeflation)
Event: 4930.657 Executing non-safepoint VM operation: HandshakeAllThreads (HandshakeForDeflation) done
Event: 4930.657 Executing non-safepoint VM operation: RendezvousGCThreads
Event: 4930.657 Executing non-safepoint VM operation: RendezvousGCThreads done

Memory protections (0 events):
No events

Nmethod flushes (20 events):
Event: 39.593 Thread 0x000002074832eb90 flushing  nmethod 0x000002074bc9f990
Event: 39.593 Thread 0x000002074832eb90 flushing  nmethod 0x000002074bca0310
Event: 39.593 Thread 0x000002074832eb90 flushing  nmethod 0x000002074bca1210
Event: 39.593 Thread 0x000002074832eb90 flushing  nmethod 0x000002074bca3c90
Event: 39.593 Thread 0x000002074832eb90 flushing  nmethod 0x000002074bca5810
Event: 39.593 Thread 0x000002074832eb90 flushing  nmethod 0x000002074bcc6110
Event: 39.593 Thread 0x000002074832eb90 flushing  nmethod 0x000002074bcc7990
Event: 39.593 Thread 0x000002074832eb90 flushing  nmethod 0x000002074bcc8090
Event: 39.593 Thread 0x000002074832eb90 flushing  nmethod 0x000002074bcc8690
Event: 39.593 Thread 0x000002074832eb90 flushing  nmethod 0x000002074bcc9510
Event: 39.593 Thread 0x000002074832eb90 flushing  nmethod 0x000002074bccb090
Event: 39.593 Thread 0x000002074832eb90 flushing  nmethod 0x000002074bcdeb10
Event: 39.593 Thread 0x000002074832eb90 flushing  nmethod 0x000002074bce1b90
Event: 39.593 Thread 0x000002074832eb90 flushing  nmethod 0x000002074bcf1d90
Event: 39.593 Thread 0x000002074832eb90 flushing  nmethod 0x000002074bcfc790
Event: 39.593 Thread 0x000002074832eb90 flushing  nmethod 0x000002074bd01190
Event: 39.593 Thread 0x000002074832eb90 flushing  nmethod 0x000002074bd10910
Event: 39.593 Thread 0x000002074832eb90 flushing  nmethod 0x000002074bd4cf90
Event: 39.593 Thread 0x000002074832eb90 flushing  nmethod 0x000002074bd5bc10
Event: 39.593 Thread 0x000002074832eb90 flushing  nmethod 0x000002074bd6b490

Events (20 events):
Event: 43.274 Thread 0x0000020748347b80 Thread added: 0x00000207686aa000
Event: 43.280 Thread 0x0000020748347b80 Thread added: 0x00000207686a9930
Event: 43.339 Thread 0x00000207679ef800 Thread exited: 0x00000207679ef800
Event: 44.176 Thread 0x00000207686a9930 Thread exited: 0x00000207686a9930
Event: 45.451 Thread 0x00000207686aa000 Thread exited: 0x00000207686aa000
Event: 102.625 Thread 0x00000207679eca10 Thread exited: 0x00000207679eca10
Event: 102.661 Thread 0x00000207672e82b0 Thread exited: 0x00000207672e82b0
Event: 102.681 Thread 0x000002076675c9c0 Thread exited: 0x000002076675c9c0
Event: 102.712 Thread 0x000002076675c330 Thread exited: 0x000002076675c330
Event: 103.314 Thread 0x000002076675d050 Thread exited: 0x000002076675d050
Event: 103.314 Thread 0x000002076675bca0 Thread exited: 0x000002076675bca0
Event: 162.625 Thread 0x00000207679e9590 Thread exited: 0x00000207679e9590
Event: 222.626 Thread 0x00000207679ea940 Thread exited: 0x00000207679ea940
Event: 282.627 Thread 0x00000207679ec380 Thread exited: 0x00000207679ec380
Event: 340.920 Thread 0x00000207672e9cf0 Thread added: 0x00000207679ea940
Event: 340.926 Thread 0x00000207679ea940 Thread exited: 0x00000207679ea940
Event: 340.932 Thread 0x00000207672e9cf0 Thread added: 0x00000207679ec380
Event: 340.933 Thread 0x00000207679ec380 Thread exited: 0x00000207679ec380
Event: 1344.385 Thread 0x00000207672eaa10 Thread added: 0x00000207679ec380
Event: 1409.250 Thread 0x00000207679ec380 Thread exited: 0x00000207679ec380


Dynamic libraries:
0x00007ff65f880000 - 0x00007ff65f88e000 	c:\Users\user\.antigravity\extensions\redhat.java-1.54.0-win32-x64\jre\21.0.10-win32-x86_64\bin\java.exe
0x00007ffc1e920000 - 0x00007ffc1eb87000 	C:\WINDOWS\SYSTEM32\ntdll.dll
0x00007ffc1c820000 - 0x00007ffc1c8e9000 	C:\WINDOWS\System32\KERNEL32.DLL
0x00007ffc1c210000 - 0x00007ffc1c600000 	C:\WINDOWS\System32\KERNELBASE.dll
0x00007ffc1c0c0000 - 0x00007ffc1c20b000 	C:\WINDOWS\System32\ucrtbase.dll
0x00007ffbc4f50000 - 0x00007ffbc4f6e000 	c:\Users\user\.antigravity\extensions\redhat.java-1.54.0-win32-x64\jre\21.0.10-win32-x86_64\bin\VCRUNTIME140.dll
0x00007ffbcc760000 - 0x00007ffbcc778000 	c:\Users\user\.antigravity\extensions\redhat.java-1.54.0-win32-x64\jre\21.0.10-win32-x86_64\bin\jli.dll
0x00007ffc1c940000 - 0x00007ffc1cb05000 	C:\WINDOWS\System32\USER32.dll
0x00007ffc1ba50000 - 0x00007ffc1ba77000 	C:\WINDOWS\System32\win32u.dll
0x00007ffc1e150000 - 0x00007ffc1e17b000 	C:\WINDOWS\System32\GDI32.dll
0x00007ffc1bbc0000 - 0x00007ffc1bcf8000 	C:\WINDOWS\System32\gdi32full.dll
0x00007ffc084d0000 - 0x00007ffc0876a000 	C:\WINDOWS\WinSxS\amd64_microsoft.windows.common-controls_6595b64144ccf1df_6.0.26100.4768_none_3e0c112ce331287c\COMCTL32.dll
0x00007ffc1dda0000 - 0x00007ffc1de49000 	C:\WINDOWS\System32\msvcrt.dll
0x00007ffc1bb10000 - 0x00007ffc1bbb3000 	C:\WINDOWS\System32\msvcp_win.dll
0x00007ffc1e110000 - 0x00007ffc1e13f000 	C:\WINDOWS\System32\IMM32.DLL
0x00007ffc01b80000 - 0x00007ffc01b8c000 	c:\Users\user\.antigravity\extensions\redhat.java-1.54.0-win32-x64\jre\21.0.10-win32-x86_64\bin\vcruntime140_1.dll
0x00007ffbc0ed0000 - 0x00007ffbc0f5d000 	c:\Users\user\.antigravity\extensions\redhat.java-1.54.0-win32-x64\jre\21.0.10-win32-x86_64\bin\msvcp140.dll
0x00007ffb7b570000 - 0x00007ffb7c311000 	c:\Users\user\.antigravity\extensions\redhat.java-1.54.0-win32-x64\jre\21.0.10-win32-x86_64\bin\server\jvm.dll
0x00007ffc1d020000 - 0x00007ffc1d0d4000 	C:\WINDOWS\System32\ADVAPI32.dll
0x00007ffc1d670000 - 0x00007ffc1d716000 	C:\WINDOWS\System32\sechost.dll
0x00007ffc1cb10000 - 0x00007ffc1cc28000 	C:\WINDOWS\System32\RPCRT4.dll
0x00007ffc1ce30000 - 0x00007ffc1cea4000 	C:\WINDOWS\System32\WS2_32.dll
0x00007ffc1b8d0000 - 0x00007ffc1b92e000 	C:\WINDOWS\SYSTEM32\POWRPROF.dll
0x00007ffc089a0000 - 0x00007ffc089d5000 	C:\WINDOWS\SYSTEM32\WINMM.dll
0x00007ffc0c410000 - 0x00007ffc0c41b000 	C:\WINDOWS\SYSTEM32\VERSION.dll
0x00007ffc1b890000 - 0x00007ffc1b8a4000 	C:\WINDOWS\SYSTEM32\UMPDC.dll
0x00007ffc1a7d0000 - 0x00007ffc1a7eb000 	C:\WINDOWS\SYSTEM32\kernel.appcore.dll
0x00007ffc01ad0000 - 0x00007ffc01ada000 	c:\Users\user\.antigravity\extensions\redhat.java-1.54.0-win32-x64\jre\21.0.10-win32-x86_64\bin\jimage.dll
0x00007ffc091b0000 - 0x00007ffc093f1000 	C:\WINDOWS\SYSTEM32\DBGHELP.DLL
0x00007ffc1d790000 - 0x00007ffc1db15000 	C:\WINDOWS\System32\combase.dll
0x00007ffc1c730000 - 0x00007ffc1c810000 	C:\WINDOWS\System32\OLEAUT32.dll
0x00007ffc08780000 - 0x00007ffc087c3000 	C:\WINDOWS\SYSTEM32\dbgcore.DLL
0x00007ffc1c610000 - 0x00007ffc1c6a9000 	C:\WINDOWS\System32\bcryptPrimitives.dll
0x00007ffbf2790000 - 0x00007ffbf279f000 	c:\Users\user\.antigravity\extensions\redhat.java-1.54.0-win32-x64\jre\21.0.10-win32-x86_64\bin\instrument.dll
0x00007ffbc10d0000 - 0x00007ffbc10f0000 	c:\Users\user\.antigravity\extensions\redhat.java-1.54.0-win32-x64\jre\21.0.10-win32-x86_64\bin\java.dll
0x00007ffc1e190000 - 0x00007ffc1e8dd000 	C:\WINDOWS\System32\SHELL32.dll
0x00007ffc1bd00000 - 0x00007ffc1be73000 	C:\WINDOWS\System32\wintypes.dll
0x00007ffc19670000 - 0x00007ffc19ed0000 	C:\WINDOWS\SYSTEM32\windows.storage.dll
0x00007ffc1ccc0000 - 0x00007ffc1cdb5000 	C:\WINDOWS\System32\SHCORE.dll
0x00007ffc1cdc0000 - 0x00007ffc1ce2a000 	C:\WINDOWS\System32\shlwapi.dll
0x00007ffc1b970000 - 0x00007ffc1b999000 	C:\WINDOWS\SYSTEM32\profapi.dll
0x00007ffbc0eb0000 - 0x00007ffbc0ec8000 	c:\Users\user\.antigravity\extensions\redhat.java-1.54.0-win32-x64\jre\21.0.10-win32-x86_64\bin\zip.dll
0x00007ffbf0ff0000 - 0x00007ffbf1000000 	C:\Users\user\.antigravity\extensions\redhat.java-1.54.0-win32-x64\jre\21.0.10-win32-x86_64\bin\net.dll
0x00007ffc14fe0000 - 0x00007ffc150fe000 	C:\WINDOWS\SYSTEM32\WINHTTP.dll
0x00007ffc1ad60000 - 0x00007ffc1adcb000 	C:\WINDOWS\system32\mswsock.dll
0x00007ffbc08b0000 - 0x00007ffbc08c6000 	C:\Users\user\.antigravity\extensions\redhat.java-1.54.0-win32-x64\jre\21.0.10-win32-x86_64\bin\nio.dll
0x00007ffbf0f00000 - 0x00007ffbf0f10000 	c:\Users\user\.antigravity\extensions\redhat.java-1.54.0-win32-x64\jre\21.0.10-win32-x86_64\bin\verify.dll
0x00007ffbc76a0000 - 0x00007ffbc76e5000 	C:\Users\user\AppData\Roaming\Antigravity\User\globalStorage\redhat.java\1.54.0\config_win\org.eclipse.equinox.launcher\org.eclipse.equinox.launcher.win32.win32.x86_64_1.3.0.v20260203-2149\eclipse_11919.dll
0x00007ffc1db20000 - 0x00007ffc1dcc0000 	C:\WINDOWS\System32\ole32.dll
0x00007ffc1b020000 - 0x00007ffc1b03b000 	C:\WINDOWS\SYSTEM32\CRYPTSP.dll
0x00007ffc1a730000 - 0x00007ffc1a76b000 	C:\WINDOWS\system32\rsaenh.dll
0x00007ffc1ae00000 - 0x00007ffc1ae2b000 	C:\WINDOWS\SYSTEM32\USERENV.dll
0x00007ffc1b940000 - 0x00007ffc1b966000 	C:\WINDOWS\SYSTEM32\bcrypt.dll
0x00007ffc1b040000 - 0x00007ffc1b04c000 	C:\WINDOWS\SYSTEM32\CRYPTBASE.dll
0x00007ffc1a1e0000 - 0x00007ffc1a213000 	C:\WINDOWS\SYSTEM32\IPHLPAPI.DLL
0x00007ffc1d780000 - 0x00007ffc1d78a000 	C:\WINDOWS\System32\NSI.dll
0x00007ffbeffe0000 - 0x00007ffbf0029000 	C:\Users\user\AppData\Local\Temp\jna-3599307\jna10577924025898082811.dll
0x00007ffc1dd90000 - 0x00007ffc1dd98000 	C:\WINDOWS\System32\PSAPI.DLL
0x00007ffc14e20000 - 0x00007ffc14e3f000 	C:\WINDOWS\SYSTEM32\dhcpcsvc6.DLL
0x00007ffc14df0000 - 0x00007ffc14e15000 	C:\WINDOWS\SYSTEM32\dhcpcsvc.DLL
0x00007ffbf0680000 - 0x00007ffbf068e000 	C:\Users\user\.antigravity\extensions\redhat.java-1.54.0-win32-x64\jre\21.0.10-win32-x86_64\bin\sunmscapi.dll
0x00007ffc1bf40000 - 0x00007ffc1c0b7000 	C:\WINDOWS\System32\CRYPT32.dll
0x00007ffc1b240000 - 0x00007ffc1b270000 	C:\WINDOWS\SYSTEM32\ncrypt.dll
0x00007ffc1b1f0000 - 0x00007ffc1b22f000 	C:\WINDOWS\SYSTEM32\NTASN1.dll
0x00007ffc1a220000 - 0x00007ffc1a346000 	C:\WINDOWS\SYSTEM32\DNSAPI.dll
0x00007ffc0dab0000 - 0x00007ffc0dabb000 	C:\Windows\System32\rasadhlp.dll
0x00007ffc13de0000 - 0x00007ffc13e66000 	C:\WINDOWS\System32\fwpuclnt.dll
0x00007ffbeff20000 - 0x00007ffbeff29000 	C:\Users\user\.antigravity\extensions\redhat.java-1.54.0-win32-x64\jre\21.0.10-win32-x86_64\bin\extnet.dll
0x00007ffbc88a0000 - 0x00007ffbc88c7000 	C:\Users\user\.gradle\native\1def1411415f61bf3af743bc5b6707747c0891f09f0c88961ee8f79bc544acac\windows-amd64\native-platform.dll
0x00007ffbc6b20000 - 0x00007ffbc6b2a000 	C:\Users\user\.antigravity\extensions\redhat.java-1.54.0-win32-x64\jre\21.0.10-win32-x86_64\bin\management.dll
0x00007ffbc4f10000 - 0x00007ffbc4f1c000 	C:\Users\user\.antigravity\extensions\redhat.java-1.54.0-win32-x64\jre\21.0.10-win32-x86_64\bin\management_ext.dll
0x00007ffc03c80000 - 0x00007ffc03c88000 	C:\WINDOWS\system32\wshunix.dll

JVMTI agents:
c:\Users\user\.antigravity\extensions\redhat.java-1.54.0-win32-x64\lombok\lombok-1.18.39-4050.jar path:c:\Users\user\.antigravity\extensions\redhat.java-1.54.0-win32-x64\jre\21.0.10-win32-x86_64\bin\instrument.dll, loaded, initialized, instrumentlib options:none

dbghelp: loaded successfully - version: 4.0.5 - missing functions: none
symbol engine: initialized successfully - sym options: 0x614 - pdb path: .;c:\Users\user\.antigravity\extensions\redhat.java-1.54.0-win32-x64\jre\21.0.10-win32-x86_64\bin;C:\WINDOWS\SYSTEM32;C:\WINDOWS\WinSxS\amd64_microsoft.windows.common-controls_6595b64144ccf1df_6.0.26100.4768_none_3e0c112ce331287c;c:\Users\user\.antigravity\extensions\redhat.java-1.54.0-win32-x64\jre\21.0.10-win32-x86_64\bin\server;C:\Users\user\AppData\Roaming\Antigravity\User\globalStorage\redhat.java\1.54.0\config_win\org.eclipse.equinox.launcher\org.eclipse.equinox.launcher.win32.win32.x86_64_1.3.0.v20260203-2149;C:\Users\user\AppData\Local\Temp\jna-3599307;C:\Users\user\.gradle\native\1def1411415f61bf3af743bc5b6707747c0891f09f0c88961ee8f79bc544acac\windows-amd64

VM Arguments:
jvm_args: --add-modules=ALL-SYSTEM --add-opens=java.base/java.util=ALL-UNNAMED --add-opens=java.base/java.lang=ALL-UNNAMED --add-opens=java.base/sun.nio.fs=ALL-UNNAMED -Declipse.application=org.eclipse.jdt.ls.core.id1 -Dosgi.bundles.defaultStartLevel=4 -Declipse.product=org.eclipse.jdt.ls.core.product -Djava.import.generatesMetadataFilesAtProjectRoot=false -DDetectVMInstallationsJob.disabled=true -Dfile.encoding=utf8 -XX:+UseParallelGC -XX:GCTimeRatio=4 -XX:AdaptiveSizePolicyWeight=90 -Dsun.zip.disableMemoryMapping=true -Xmx2G -Xms100m -Xlog:disable -javaagent:c:\Users\user\.antigravity\extensions\redhat.java-1.54.0-win32-x64\lombok\lombok-1.18.39-4050.jar -XX:+HeapDumpOnOutOfMemoryError -XX:HeapDumpPath=c:\Users\user\AppData\Roaming\Antigravity\User\workspaceStorage\ef35fece9cb296eb98131e9bf524d939\redhat.java -Daether.dependencyCollector.impl=bf 
java_command: c:\Users\user\.antigravity\extensions\redhat.java-1.54.0-win32-x64\server\plugins\org.eclipse.equinox.launcher_1.7.100.v20251111-0406.jar -configuration c:\Users\user\AppData\Roaming\Antigravity\User\globalStorage\redhat.java\1.54.0\config_win -data c:\Users\user\AppData\Roaming\Antigravity\User\workspaceStorage\ef35fece9cb296eb98131e9bf524d939\redhat.java\jdt_ws --pipe=\\.\pipe\lsp-34b6b18b2b70e9e35dc909a81f618623-sock
java_class_path (initial): c:\Users\user\.antigravity\extensions\redhat.java-1.54.0-win32-x64\server\plugins\org.eclipse.equinox.launcher_1.7.100.v20251111-0406.jar
Launcher Type: SUN_STANDARD

[Global flags]
    uintx AdaptiveSizePolicyWeight                 = 90                                        {product} {command line}
     intx CICompilerCount                          = 4                                         {product} {ergonomic}
    uintx GCTimeRatio                              = 4                                         {product} {command line}
     bool HeapDumpOnOutOfMemoryError               = true                                   {manageable} {command line}
    ccstr HeapDumpPath                             = c:\Users\user\AppData\Roaming\Antigravity\User\workspaceStorage\ef35fece9cb296eb98131e9bf524d939\redhat.java         {manageable} {command line}
   size_t InitialHeapSize                          = 104857600                                 {product} {command line}
   size_t MaxHeapSize                              = 2147483648                                {product} {command line}
   size_t MaxNewSize                               = 715653120                                 {product} {ergonomic}
   size_t MinHeapDeltaBytes                        = 524288                                    {product} {ergonomic}
   size_t MinHeapSize                              = 104857600                                 {product} {command line}
   size_t NewSize                                  = 34603008                                  {product} {ergonomic}
    uintx NonNMethodCodeHeapSize                   = 5839372                                {pd product} {ergonomic}
    uintx NonProfiledCodeHeapSize                  = 122909434                              {pd product} {ergonomic}
   size_t OldSize                                  = 70254592                                  {product} {ergonomic}
    uintx ProfiledCodeHeapSize                     = 122909434                              {pd product} {ergonomic}
    uintx ReservedCodeCacheSize                    = 251658240                              {pd product} {ergonomic}
     bool SegmentedCodeCache                       = true                                      {product} {ergonomic}
   size_t SoftMaxHeapSize                          = 2147483648                             {manageable} {ergonomic}
     bool UseCompressedOops                        = true                           {product lp64_product} {ergonomic}
     bool UseLargePagesIndividualAllocation        = false                                  {pd product} {ergonomic}
     bool UseParallelGC                            = true                                      {product} {command line}

Logging:
Log output configuration:
 #0: stdout all=off uptime,level,tags foldmultilines=false
 #1: stderr all=off uptime,level,tags foldmultilines=false

Release file:
JAVA_VERSION="21.0.10" 
MODULES="java.base java.compiler java.datatransfer java.xml java.prefs java.desktop java.instrument java.logging java.management java.security.sasl java.naming java.rmi java.management.rmi java.net.http java.scripting java.security.jgss java.transaction.xa java.sql java.sql.rowset java.xml.crypto java.se java.smartcardio jdk.accessibility jdk.internal.jvmstat jdk.attach jdk.charsets jdk.internal.opt jdk.zipfs jdk.compiler jdk.crypto.ec jdk.crypto.cryptoki jdk.crypto.mscapi jdk.dynalink jdk.internal.ed jdk.editpad jdk.hotspot.agent jdk.httpserver jdk.internal.le jdk.internal.vm.ci jdk.internal.vm.compiler jdk.internal.vm.compiler.management jdk.jartool jdk.javadoc jdk.jcmd jdk.management jdk.management.agent jdk.jconsole jdk.jdeps jdk.jdwp.agent jdk.jdi jdk.jfr jdk.jshell jdk.jsobject jdk.jstatd jdk.localedata jdk.management.jfr jdk.naming.dns jdk.naming.rmi jdk.net jdk.nio.mapmode jdk.random jdk.sctp jdk.security.auth jdk.security.jgss jdk.unsupported jdk.unsupported.desktop jdk.xml.dom" 

Environment Variables:
PATH=C:\Program Files (x86)\Common Files\Oracle\Java\javapath;C:\WINDOWS\system32;C:\WINDOWS;C:\WINDOWS\System32\Wbem;C:\WINDOWS\System32\WindowsPowerShell\v1.0\;C:\WINDOWS\System32\OpenSSH\;c:\Users\user\AppData\Local\Programs\cursor\resources\app\codeBin;C:\Users\user\AppData\Local\Microsoft\WindowsApps;D:\Users\user\AppData\Local\Programs\Antigravity\bin;C:\Users\user\AppData\Local\Programs\cursor\resources\app\bin
USERNAME=user
OS=Windows_NT
PROCESSOR_IDENTIFIER=Intel64 Family 6 Model 165 Stepping 3, GenuineIntel
TMP=C:\Users\user\AppData\Local\Temp
TEMP=C:\Users\user\AppData\Local\Temp




Periodic native trim disabled

---------------  S Y S T E M  ---------------

OS:
 Windows 11 , 64 bit Build 26100 (10.0.26100.4768)
OS uptime: 0 days 2:01 hours

CPU: total 12 (initial active 12) (6 cores per cpu, 2 threads per core) family 6 model 165 stepping 3 microcode 0xf0, cx8, cmov, fxsr, ht, mmx, 3dnowpref, sse, sse2, sse3, ssse3, sse4.1, sse4.2, popcnt, lzcnt, tsc, tscinvbit, avx, avx2, aes, erms, clmul, bmi1, bmi2, adx, fma, vzeroupper, clflush, clflushopt, rdtscp, f16c
Processor Information for the first 12 processors :
  Max Mhz: 2904, Current Mhz: 2904, Mhz Limit: 2904

Memory: 4k page, system-wide physical 16211M (1266M free)
TotalPageFile size 20307M (AvailPageFile size 5M)
current process WorkingSet (physical memory assigned to process): 46M, peak: 310M
current process commit charge ("private bytes"): 381M, peak: 413M

vm_info: OpenJDK 64-Bit Server VM (21.0.10+7-LTS) for windows-amd64 JRE (21.0.10+7-LTS), built on 2026-01-20T00:00:00Z by "admin" with MS VC++ 17.12 (VS2022)

END.
